<?xml version="1.0" encoding="UTF-8"?>
<!-- Generated by org.testng.reporters.JUnitReportReporter -->
<testsuite hostname="Lenevo" failures="0" tests="1" name="testpackage.NavigateURL" time="13.144" errors="0" timestamp="2024-03-16T11:15:45 IST" skipped="0">
  <testcase classname="testpackage.NavigateURL" name="navigatetoURL" time="13.144"/>
  <system-out/>
</testsuite> <!-- testpackage.NavigateURL -->
